<?xml version="1.0" encoding="UTF-8"?>
<!-- Generated by org.testng.reporters.JUnitReportReporter -->
<testsuite hostname="SP01B01ZZ4217A" failures="0" tests="2" name="tests.AddProductToCompareTest" time="11.634" errors="0" timestamp="2022-03-13T09:37:43 AST" skipped="0">
  <testcase classname="tests.AddProductToCompareTest" name="UserCanCompareProducts" time="10.831"/>
  <system-out/>
  <testcase classname="tests.AddProductToCompareTest" name="UserCanClearCompareList" time="0.803"/>
  <system-out/>
</testsuite> <!-- tests.AddProductToCompareTest -->
