<?xml version="1.0" encoding="UTF-8"?>
<!-- Generated by org.testng.reporters.JUnitReportReporter -->
<testsuite hostname="SP01B01ZZ4217A" failures="0" tests="5" name="tests.RegisteredUserCheckoutProductTest" time="27.144" errors="0" timestamp="2022-03-13T09:34:12 AST" skipped="0">
  <testcase classname="tests.RegisteredUserCheckoutProductTest" name="UserCanRegisterSuccssfully" time="6.233"/>
  <system-out/>
  <testcase classname="tests.RegisteredUserCheckoutProductTest" name="UserCanSearchWithAutoSuggest" time="3.324"/>
  <system-out/>
  <testcase classname="tests.RegisteredUserCheckoutProductTest" name="UserCanAddProductToShoppingCart" time="1.860"/>
  <system-out/>
  <testcase classname="tests.RegisteredUserCheckoutProductTest" name="UserCanCheckoutProduct" time="14.891"/>
  <system-out/>
  <testcase classname="tests.RegisteredUserCheckoutProductTest" name="RegisteredUserCanLogout" time="0.836"/>
  <system-out/>
</testsuite> <!-- tests.RegisteredUserCheckoutProductTest -->
