<?xml version="1.0" encoding="UTF-8"?>
<!-- Generated by org.testng.reporters.JUnitReportReporter -->
<testsuite hostname="SP01B01ZZ4217A" failures="0" tests="1" name="tests.SearchProductUsingAutoSuggestTest" time="4.200" errors="0" timestamp="2022-03-13T09:21:13 AST" skipped="0">
  <testcase classname="tests.SearchProductUsingAutoSuggestTest" name="UserCanSearchWithAutoSuggest" time="4.200"/>
  <system-out/>
</testsuite> <!-- tests.SearchProductUsingAutoSuggestTest -->
