<?xml version="1.0" encoding="UTF-8"?>
<!-- Generated by org.testng.reporters.JUnitReportReporter -->
<testsuite hostname="SP01B01ZZ4217A" failures="0" tests="1" name="tests.ProductHoverMenuTest" time="4.392" errors="0" timestamp="2022-03-13T10:17:44 AST" skipped="0">
  <testcase classname="tests.ProductHoverMenuTest" name="UserCanSelectSubCategoryFromMainMenu" time="4.392"/>
  <system-out/>
</testsuite> <!-- tests.ProductHoverMenuTest -->
