<?xml version="1.0" encoding="UTF-8"?>
<!-- Generated by org.testng.reporters.JUnitReportReporter -->
<testsuite hostname="SP01B01ZZ4217A" failures="0" tests="2" name="tests.ChangeCurrencyTest" time="4.342" errors="0" timestamp="2022-03-13T09:54:18 AST" skipped="0">
  <testcase classname="tests.ChangeCurrencyTest" name="UserCanCanChangeCurrency" time="0.879"/>
  <system-out/>
  <testcase classname="tests.ChangeCurrencyTest" name="UserCanSearchWithAutoSuggest" time="3.463"/>
  <system-out/>
</testsuite> <!-- tests.ChangeCurrencyTest -->
