<?xml version="1.0" encoding="UTF-8"?>
<!-- Generated by org.testng.reporters.JUnitReportReporter -->
<testsuite hostname="SP01B01ZZ4217A" failures="0" tests="4" name="tests.GuestCheckoutProductFromCartTest" time="31.633" errors="0" timestamp="2022-03-13T09:55:36 AST" skipped="0">
  <testcase classname="tests.GuestCheckoutProductFromCartTest" name="UserCanSearchForProductsWithAutoSuggest" time="2.934"/>
  <system-out/>
  <testcase classname="tests.GuestCheckoutProductFromCartTest" name="UserCanAddProductToShoppingCart" time="4.251"/>
  <system-out/>
  <testcase classname="tests.GuestCheckoutProductFromCartTest" name="UserCanCheckoutProduct" time="14.311"/>
  <system-out/>
  <testcase classname="tests.GuestCheckoutProductFromCartTest" name="UserCanViewOrderDetails" time="10.137"/>
  <system-out/>
</testsuite> <!-- tests.GuestCheckoutProductFromCartTest -->
