<?xml version="1.0" encoding="UTF-8"?>
<!-- Generated by org.testng.reporters.JUnitReportReporter -->
<testsuite hostname="SP01B01ZZ4217A" failures="0" tests="4" name="tests.EmailFriendTest" time="9.223" errors="0" timestamp="2022-03-13T09:54:52 AST" skipped="0">
  <testcase classname="tests.EmailFriendTest" name="UserCanRegisterSuccssfully" time="2.237"/>
  <system-out/>
  <testcase classname="tests.EmailFriendTest" name="UserCanSearchWithAutoSuggest" time="3.337"/>
  <system-out/>
  <testcase classname="tests.EmailFriendTest" name="RegisteredUserCanSendProductToFriend" time="2.816"/>
  <system-out/>
  <testcase classname="tests.EmailFriendTest" name="RegisteredUserCanLogout" time="0.833"/>
  <system-out/>
</testsuite> <!-- tests.EmailFriendTest -->
