<?xml version="1.0" encoding="UTF-8"?>
<!-- Generated by org.testng.reporters.JUnitReportReporter -->
<testsuite hostname="SP01B01ZZ4217A" failures="0" tests="3" name="tests.AddProductToShoppingCartTest" time="7.611" errors="0" timestamp="2022-03-13T09:47:09 AST" skipped="0">
  <testcase classname="tests.AddProductToShoppingCartTest" name="UserCanSearchForProductsWithAutoSuggest" time="3.283"/>
  <system-out/>
  <testcase classname="tests.AddProductToShoppingCartTest" name="UserCanAddProductToShoppingCart" time="1.957"/>
  <system-out/>
  <testcase classname="tests.AddProductToShoppingCartTest" name="UserCanRemoveProductFromCart" time="2.371"/>
  <system-out/>
</testsuite> <!-- tests.AddProductToShoppingCartTest -->
