<?xml version="1.0" encoding="UTF-8"?>
<!-- Generated by org.testng.reporters.JUnitReportReporter -->
<testsuite hostname="SP01B01ZZ4217A" failures="0" tests="3" name="tests.AddProductToWishListTest" time="6.812" errors="0" timestamp="2022-03-13T09:53:23 AST" skipped="0">
  <testcase classname="tests.AddProductToWishListTest" name="UserCanSearchForProductsWithAutoSuggest" time="3.409"/>
  <system-out/>
  <testcase classname="tests.AddProductToWishListTest" name="UserCanAddProductToWishlist" time="2.821"/>
  <system-out/>
  <testcase classname="tests.AddProductToWishListTest" name="UserCanRemoveProductFromCart" time="0.582"/>
  <system-out/>
</testsuite> <!-- tests.AddProductToWishListTest -->
