<?xml version="1.0" encoding="UTF-8"?>
<!-- Generated by org.testng.reporters.JUnitReportReporter -->
<testsuite hostname="SP01B01ZZ4217A" failures="0" tests="1" name="tests.ContactUsTest" time="2.871" errors="0" timestamp="2022-03-13T09:54:31 AST" skipped="0">
  <testcase classname="tests.ContactUsTest" name="UserCanUseContactUs" time="2.871"/>
  <system-out/>
</testsuite> <!-- tests.ContactUsTest -->
